[ 2016-10-31T11:17:20+08:00 ] 0.0.0.0 /Apipublic/Apilogin/resetpw
INFO: [ route_check ] --START--
INFO: CheckRoute Behavior ::run [ RunTime:0.000543s ]
INFO: [ route_check ] --END-- [ RunTime:0.000615s ]
NOTIC: [8192] preg_replace(): The /e modifier is deprecated, use preg_replace_callback instead /Users/yangyang/www/llx_api/Core/Lib/Core/Dispatcher.class.php 第 132 行.
NOTIC: [8192] preg_replace(): The /e modifier is deprecated, use preg_replace_callback instead /Users/yangyang/www/llx_api/Core/Common/common.php 第 217 行.
INFO: [ app_begin ] --START--
INFO: ReadHtmlCache Behavior ::run [ RunTime:0.000421s ]
INFO: [ app_begin ] --END-- [ RunTime:0.000451s ]
NOTIC: [8192] mysql_connect(): The mysql extension is deprecated and will be removed in the future: use mysqli or PDO instead /Users/yangyang/www/llx_api/Core/Extend/Driver/Session/SessionDb.class.php 第 96 行.
NOTIC: 建议使用I方法替代_param
NOTIC: 建议使用I方法替代_param
NOTIC: [8192] mysql_connect(): The mysql extension is deprecated and will be removed in the future: use mysqli or PDO instead /Users/yangyang/www/llx_api/Core/Lib/Driver/Db/DbMysql.class.php 第 55 行.
SQL: SHOW COLUMNS FROM `bao_users` [ RunTime:0.016490s ]
NOTIC: 建议使用I方法替代_param
NOTIC: 建议使用I方法替代_param
SQL: UPDATE `bao_users` SET `password`='21218cca77804d2ba1922c33e0151105' WHERE ( account=18914970292 ) [ RunTime:0.016482s ]
NOTIC: 建议使用I方法替代_param
NOTIC: 建议使用I方法替代_param
SQL: UPDATE `bao_users` SET `password`='21218cca77804d2ba1922c33e0151105' WHERE ( account=18914970292 ) [ RunTime:0.016709s ]

[ 2016-10-31T11:18:03+08:00 ] 0.0.0.0 /Apipublic/Apilogin/resetpw
INFO: [ route_check ] --START--
INFO: CheckRoute Behavior ::run [ RunTime:0.000289s ]
INFO: [ route_check ] --END-- [ RunTime:0.000326s ]
NOTIC: [8192] preg_replace(): The /e modifier is deprecated, use preg_replace_callback instead /Users/yangyang/www/llx_api/Core/Lib/Core/Dispatcher.class.php 第 132 行.
NOTIC: [8192] preg_replace(): The /e modifier is deprecated, use preg_replace_callback instead /Users/yangyang/www/llx_api/Core/Common/common.php 第 217 行.
INFO: [ app_begin ] --START--
INFO: ReadHtmlCache Behavior ::run [ RunTime:0.000187s ]
INFO: [ app_begin ] --END-- [ RunTime:0.000211s ]
NOTIC: [8192] mysql_connect(): The mysql extension is deprecated and will be removed in the future: use mysqli or PDO instead /Users/yangyang/www/llx_api/Core/Extend/Driver/Session/SessionDb.class.php 第 96 行.
NOTIC: 建议使用I方法替代_param
NOTIC: 建议使用I方法替代_param
NOTIC: [8192] mysql_connect(): The mysql extension is deprecated and will be removed in the future: use mysqli or PDO instead /Users/yangyang/www/llx_api/Core/Lib/Driver/Db/DbMysql.class.php 第 55 行.
SQL: SHOW COLUMNS FROM `bao_users` [ RunTime:0.016100s ]
NOTIC: 建议使用I方法替代_param
NOTIC: 建议使用I方法替代_param
SQL: UPDATE `bao_users` SET `password`='21218cca77804d2ba1922c33e0151105' WHERE ( account=18914970292 ) [ RunTime:0.015752s ]
NOTIC: 建议使用I方法替代_param
NOTIC: 建议使用I方法替代_param
SQL: UPDATE `bao_users` SET `password`='21218cca77804d2ba1922c33e0151105' WHERE ( account=18914970292 ) [ RunTime:0.014444s ]

[ 2016-10-31T11:20:30+08:00 ] 0.0.0.0 /Apipublic/Apilogin/resetpw
INFO: [ route_check ] --START--
INFO: CheckRoute Behavior ::run [ RunTime:0.000320s ]
INFO: [ route_check ] --END-- [ RunTime:0.000376s ]
NOTIC: [8192] preg_replace(): The /e modifier is deprecated, use preg_replace_callback instead /Users/yangyang/www/llx_api/Core/Lib/Core/Dispatcher.class.php 第 132 行.
NOTIC: [8192] preg_replace(): The /e modifier is deprecated, use preg_replace_callback instead /Users/yangyang/www/llx_api/Core/Common/common.php 第 217 行.
INFO: [ app_begin ] --START--
INFO: ReadHtmlCache Behavior ::run [ RunTime:0.000225s ]
INFO: [ app_begin ] --END-- [ RunTime:0.000260s ]
NOTIC: [8192] mysql_connect(): The mysql extension is deprecated and will be removed in the future: use mysqli or PDO instead /Users/yangyang/www/llx_api/Core/Extend/Driver/Session/SessionDb.class.php 第 96 行.
NOTIC: 建议使用I方法替代_param
NOTIC: 建议使用I方法替代_param
NOTIC: [8192] mysql_connect(): The mysql extension is deprecated and will be removed in the future: use mysqli or PDO instead /Users/yangyang/www/llx_api/Core/Lib/Driver/Db/DbMysql.class.php 第 55 行.
SQL: SHOW COLUMNS FROM `bao_users` [ RunTime:0.016060s ]
NOTIC: 建议使用I方法替代_param
NOTIC: 建议使用I方法替代_param
SQL: UPDATE `bao_users` SET `password`='21218cca77804d2ba1922c33e0151105' WHERE ( account=18914970292 ) [ RunTime:0.015491s ]
NOTIC: 建议使用I方法替代_param
NOTIC: 建议使用I方法替代_param
SQL: UPDATE `bao_users` SET `password`='21218cca77804d2ba1922c33e0151105' WHERE ( account=18914970292 ) [ RunTime:0.014923s ]

[ 2016-10-31T11:22:08+08:00 ] 0.0.0.0 /Apipublic/Apilogin/resetpw
INFO: [ route_check ] --START--
INFO: CheckRoute Behavior ::run [ RunTime:0.000379s ]
INFO: [ route_check ] --END-- [ RunTime:0.000443s ]
NOTIC: [8192] preg_replace(): The /e modifier is deprecated, use preg_replace_callback instead /Users/yangyang/www/llx_api/Core/Lib/Core/Dispatcher.class.php 第 132 行.
NOTIC: [8192] preg_replace(): The /e modifier is deprecated, use preg_replace_callback instead /Users/yangyang/www/llx_api/Core/Common/common.php 第 217 行.
INFO: [ app_begin ] --START--
INFO: ReadHtmlCache Behavior ::run [ RunTime:0.000207s ]
INFO: [ app_begin ] --END-- [ RunTime:0.000234s ]
NOTIC: [8192] mysql_connect(): The mysql extension is deprecated and will be removed in the future: use mysqli or PDO instead /Users/yangyang/www/llx_api/Core/Extend/Driver/Session/SessionDb.class.php 第 96 行.
NOTIC: 建议使用I方法替代_param
NOTIC: 建议使用I方法替代_param
NOTIC: [8192] mysql_connect(): The mysql extension is deprecated and will be removed in the future: use mysqli or PDO instead /Users/yangyang/www/llx_api/Core/Lib/Driver/Db/DbMysql.class.php 第 55 行.
SQL: SHOW COLUMNS FROM `bao_users` [ RunTime:0.018694s ]
NOTIC: 建议使用I方法替代_param
NOTIC: 建议使用I方法替代_param
SQL: UPDATE `bao_users` SET `password`='21218cca77804d2ba1922c33e0151105' WHERE ( account=18331093697 ) [ RunTime:0.015818s ]
NOTIC: 建议使用I方法替代_param
NOTIC: 建议使用I方法替代_param
SQL: UPDATE `bao_users` SET `password`='21218cca77804d2ba1922c33e0151105' WHERE ( account=18331093697 ) [ RunTime:0.016043s ]

[ 2016-10-31T11:23:02+08:00 ] 0.0.0.0 /Apipublic/Apilogin/resetpw
INFO: [ route_check ] --START--
INFO: CheckRoute Behavior ::run [ RunTime:0.000479s ]
INFO: [ route_check ] --END-- [ RunTime:0.000550s ]
NOTIC: [8192] preg_replace(): The /e modifier is deprecated, use preg_replace_callback instead /Users/yangyang/www/llx_api/Core/Lib/Core/Dispatcher.class.php 第 132 行.
NOTIC: [8192] preg_replace(): The /e modifier is deprecated, use preg_replace_callback instead /Users/yangyang/www/llx_api/Core/Common/common.php 第 217 行.
INFO: [ app_begin ] --START--
INFO: ReadHtmlCache Behavior ::run [ RunTime:0.000248s ]
INFO: [ app_begin ] --END-- [ RunTime:0.000286s ]
NOTIC: [8192] mysql_connect(): The mysql extension is deprecated and will be removed in the future: use mysqli or PDO instead /Users/yangyang/www/llx_api/Core/Extend/Driver/Session/SessionDb.class.php 第 96 行.
NOTIC: 建议使用I方法替代_param
NOTIC: 建议使用I方法替代_param
NOTIC: [8192] mysql_connect(): The mysql extension is deprecated and will be removed in the future: use mysqli or PDO instead /Users/yangyang/www/llx_api/Core/Lib/Driver/Db/DbMysql.class.php 第 55 行.
SQL: SHOW COLUMNS FROM `bao_users` [ RunTime:0.019910s ]
NOTIC: 建议使用I方法替代_param
NOTIC: 建议使用I方法替代_param
SQL: UPDATE `bao_users` SET `password`='96e79218965eb72c92a549dd5a330112' WHERE ( account=18914970292 ) [ RunTime:0.015681s ]
NOTIC: 建议使用I方法替代_param
NOTIC: 建议使用I方法替代_param
SQL: UPDATE `bao_users` SET `password`='96e79218965eb72c92a549dd5a330112' WHERE ( account=18914970292 ) [ RunTime:0.015876s ]

[ 2016-10-31T11:23:48+08:00 ] 0.0.0.0 /Apipublic/Apilogin/resetpw
INFO: [ route_check ] --START--
INFO: CheckRoute Behavior ::run [ RunTime:0.000287s ]
INFO: [ route_check ] --END-- [ RunTime:0.000326s ]
NOTIC: [8192] preg_replace(): The /e modifier is deprecated, use preg_replace_callback instead /Users/yangyang/www/llx_api/Core/Lib/Core/Dispatcher.class.php 第 132 行.
NOTIC: [8192] preg_replace(): The /e modifier is deprecated, use preg_replace_callback instead /Users/yangyang/www/llx_api/Core/Common/common.php 第 217 行.
INFO: [ app_begin ] --START--
INFO: ReadHtmlCache Behavior ::run [ RunTime:0.000182s ]
INFO: [ app_begin ] --END-- [ RunTime:0.000206s ]
NOTIC: [8192] mysql_connect(): The mysql extension is deprecated and will be removed in the future: use mysqli or PDO instead /Users/yangyang/www/llx_api/Core/Extend/Driver/Session/SessionDb.class.php 第 96 行.
NOTIC: 建议使用I方法替代_param
NOTIC: 建议使用I方法替代_param
NOTIC: [8192] mysql_connect(): The mysql extension is deprecated and will be removed in the future: use mysqli or PDO instead /Users/yangyang/www/llx_api/Core/Lib/Driver/Db/DbMysql.class.php 第 55 行.
SQL: SHOW COLUMNS FROM `bao_users` [ RunTime:0.019495s ]
NOTIC: 建议使用I方法替代_param
NOTIC: 建议使用I方法替代_param
SQL: UPDATE `bao_users` SET `password`='96e79218965eb72c92a549dd5a330112' WHERE ( account=18914970292 ) [ RunTime:0.019799s ]
NOTIC: 建议使用I方法替代_param
NOTIC: 建议使用I方法替代_param
SQL: UPDATE `bao_users` SET `password`='96e79218965eb72c92a549dd5a330112' WHERE ( account=18914970292 ) [ RunTime:0.021636s ]

[ 2016-10-31T11:24:32+08:00 ] 0.0.0.0 /Apipublic/Apilogin/resetpw
INFO: [ route_check ] --START--
INFO: CheckRoute Behavior ::run [ RunTime:0.000291s ]
INFO: [ route_check ] --END-- [ RunTime:0.000329s ]
NOTIC: [8192] preg_replace(): The /e modifier is deprecated, use preg_replace_callback instead /Users/yangyang/www/llx_api/Core/Lib/Core/Dispatcher.class.php 第 132 行.
NOTIC: [8192] preg_replace(): The /e modifier is deprecated, use preg_replace_callback instead /Users/yangyang/www/llx_api/Core/Common/common.php 第 217 行.
INFO: [ app_begin ] --START--
INFO: ReadHtmlCache Behavior ::run [ RunTime:0.000184s ]
INFO: [ app_begin ] --END-- [ RunTime:0.000207s ]
NOTIC: [8192] mysql_connect(): The mysql extension is deprecated and will be removed in the future: use mysqli or PDO instead /Users/yangyang/www/llx_api/Core/Extend/Driver/Session/SessionDb.class.php 第 96 行.
NOTIC: 建议使用I方法替代_param
NOTIC: 建议使用I方法替代_param
NOTIC: [8192] mysql_connect(): The mysql extension is deprecated and will be removed in the future: use mysqli or PDO instead /Users/yangyang/www/llx_api/Core/Lib/Driver/Db/DbMysql.class.php 第 55 行.
SQL: SHOW COLUMNS FROM `bao_users` [ RunTime:0.017472s ]
NOTIC: 建议使用I方法替代_param
NOTIC: 建议使用I方法替代_param
SQL: UPDATE `bao_users` SET `password`='93279e3308bdbbeed946fc965017f67a' WHERE ( account=18914970292 ) [ RunTime:0.016315s ]

[ 2016-10-31T11:24:35+08:00 ] 0.0.0.0 /Apipublic/Apilogin/resetpw
INFO: [ route_check ] --START--
INFO: CheckRoute Behavior ::run [ RunTime:0.000312s ]
INFO: [ route_check ] --END-- [ RunTime:0.000363s ]
NOTIC: [8192] preg_replace(): The /e modifier is deprecated, use preg_replace_callback instead /Users/yangyang/www/llx_api/Core/Lib/Core/Dispatcher.class.php 第 132 行.
NOTIC: [8192] preg_replace(): The /e modifier is deprecated, use preg_replace_callback instead /Users/yangyang/www/llx_api/Core/Common/common.php 第 217 行.
INFO: [ app_begin ] --START--
INFO: ReadHtmlCache Behavior ::run [ RunTime:0.000198s ]
INFO: [ app_begin ] --END-- [ RunTime:0.000226s ]
NOTIC: [8192] mysql_connect(): The mysql extension is deprecated and will be removed in the future: use mysqli or PDO instead /Users/yangyang/www/llx_api/Core/Extend/Driver/Session/SessionDb.class.php 第 96 行.
NOTIC: 建议使用I方法替代_param
NOTIC: 建议使用I方法替代_param
NOTIC: [8192] mysql_connect(): The mysql extension is deprecated and will be removed in the future: use mysqli or PDO instead /Users/yangyang/www/llx_api/Core/Lib/Driver/Db/DbMysql.class.php 第 55 行.
SQL: SHOW COLUMNS FROM `bao_users` [ RunTime:0.017453s ]
NOTIC: 建议使用I方法替代_param
NOTIC: 建议使用I方法替代_param
SQL: UPDATE `bao_users` SET `password`='93279e3308bdbbeed946fc965017f67a' WHERE ( account=18914970292 ) [ RunTime:0.017838s ]

[ 2016-10-31T11:24:45+08:00 ] 0.0.0.0 /Apipublic/Apilogin/resetpw
INFO: [ route_check ] --START--
INFO: CheckRoute Behavior ::run [ RunTime:0.000270s ]
INFO: [ route_check ] --END-- [ RunTime:0.000303s ]
NOTIC: [8192] preg_replace(): The /e modifier is deprecated, use preg_replace_callback instead /Users/yangyang/www/llx_api/Core/Lib/Core/Dispatcher.class.php 第 132 行.
NOTIC: [8192] preg_replace(): The /e modifier is deprecated, use preg_replace_callback instead /Users/yangyang/www/llx_api/Core/Common/common.php 第 217 行.
INFO: [ app_begin ] --START--
INFO: ReadHtmlCache Behavior ::run [ RunTime:0.000178s ]
INFO: [ app_begin ] --END-- [ RunTime:0.000201s ]
NOTIC: [8192] mysql_connect(): The mysql extension is deprecated and will be removed in the future: use mysqli or PDO instead /Users/yangyang/www/llx_api/Core/Extend/Driver/Session/SessionDb.class.php 第 96 行.
NOTIC: 建议使用I方法替代_param
NOTIC: 建议使用I方法替代_param
NOTIC: [8192] mysql_connect(): The mysql extension is deprecated and will be removed in the future: use mysqli or PDO instead /Users/yangyang/www/llx_api/Core/Lib/Driver/Db/DbMysql.class.php 第 55 行.
SQL: SHOW COLUMNS FROM `bao_users` [ RunTime:0.017497s ]
NOTIC: 建议使用I方法替代_param
NOTIC: 建议使用I方法替代_param
SQL: UPDATE `bao_users` SET `password`='1a100d2c0dab19c4430e7d73762b3423' WHERE ( account=18914970292 ) [ RunTime:0.016400s ]

[ 2016-10-31T11:26:39+08:00 ] 0.0.0.0 /Apipublic/Apilogin/resetpw
INFO: [ route_check ] --START--
INFO: CheckRoute Behavior ::run [ RunTime:0.000390s ]
INFO: [ route_check ] --END-- [ RunTime:0.000440s ]
NOTIC: [8192] preg_replace(): The /e modifier is deprecated, use preg_replace_callback instead /Users/yangyang/www/llx_api/Core/Lib/Core/Dispatcher.class.php 第 132 行.
NOTIC: [8192] preg_replace(): The /e modifier is deprecated, use preg_replace_callback instead /Users/yangyang/www/llx_api/Core/Common/common.php 第 217 行.
INFO: [ app_begin ] --START--
INFO: ReadHtmlCache Behavior ::run [ RunTime:0.000229s ]
INFO: [ app_begin ] --END-- [ RunTime:0.000258s ]
NOTIC: [8192] mysql_connect(): The mysql extension is deprecated and will be removed in the future: use mysqli or PDO instead /Users/yangyang/www/llx_api/Core/Extend/Driver/Session/SessionDb.class.php 第 96 行.
NOTIC: 建议使用I方法替代_param
NOTIC: 建议使用I方法替代_param
NOTIC: [8192] mysql_connect(): The mysql extension is deprecated and will be removed in the future: use mysqli or PDO instead /Users/yangyang/www/llx_api/Core/Lib/Driver/Db/DbMysql.class.php 第 55 行.
SQL: SHOW COLUMNS FROM `bao_users` [ RunTime:0.021232s ]
NOTIC: 建议使用I方法替代_param
NOTIC: 建议使用I方法替代_param
SQL: UPDATE `bao_users` SET `password`='1a100d2c0dab19c4430e7d73762b3423' WHERE ( account=18914970292 ) [ RunTime:0.017953s ]

[ 2016-10-31T11:42:00+08:00 ] 0.0.0.0 /Apipublic/Apilogin/login_only_name
INFO: [ route_check ] --START--
INFO: CheckRoute Behavior ::run [ RunTime:0.000402s ]
INFO: [ route_check ] --END-- [ RunTime:0.000471s ]
NOTIC: [8192] preg_replace(): The /e modifier is deprecated, use preg_replace_callback instead /Users/yangyang/www/llx_api/Core/Lib/Core/Dispatcher.class.php 第 132 行.
NOTIC: [8192] preg_replace(): The /e modifier is deprecated, use preg_replace_callback instead /Users/yangyang/www/llx_api/Core/Common/common.php 第 217 行.
INFO: [ app_begin ] --START--
INFO: ReadHtmlCache Behavior ::run [ RunTime:0.000226s ]
INFO: [ app_begin ] --END-- [ RunTime:0.000257s ]
NOTIC: [8192] mysql_connect(): The mysql extension is deprecated and will be removed in the future: use mysqli or PDO instead /Users/yangyang/www/llx_api/Core/Extend/Driver/Session/SessionDb.class.php 第 96 行.
NOTIC: 建议使用I方法替代_param
NOTIC: [8192] mysql_connect(): The mysql extension is deprecated and will be removed in the future: use mysqli or PDO instead /Users/yangyang/www/llx_api/Core/Lib/Driver/Db/DbMysql.class.php 第 55 行.
SQL: SHOW COLUMNS FROM `bao_users` [ RunTime:0.017258s ]
NOTIC: 建议使用I方法替代_param
NOTIC: [8192] preg_replace(): The /e modifier is deprecated, use preg_replace_callback instead /Users/yangyang/www/llx_api/Core/Lib/Core/Db.class.php 第 605 行.
SQL: SELECT * FROM `bao_users` WHERE ( `account` = '18914970292' ) LIMIT 1   [ RunTime:0.016743s ]
NOTIC: 建议使用I方法替代_param
NOTIC: [8] Undefined variable: char /Users/yangyang/www/llx_api/Core/Extend/Library/ORG/Crypt/Base64.class.php 第 36 行.
NOTIC: [8] Undefined variable: str /Users/yangyang/www/llx_api/Core/Extend/Library/ORG/Crypt/Base64.class.php 第 40 行.

[ 2016-10-31T13:11:24+08:00 ] 0.0.0.0 /Apipublic/Apilogin/login_only_name
INFO: [ route_check ] --START--
INFO: CheckRoute Behavior ::run [ RunTime:0.000307s ]
INFO: [ route_check ] --END-- [ RunTime:0.000351s ]
NOTIC: [8192] preg_replace(): The /e modifier is deprecated, use preg_replace_callback instead /Users/yangyang/www/llx_api/Core/Lib/Core/Dispatcher.class.php 第 132 行.
NOTIC: [8192] preg_replace(): The /e modifier is deprecated, use preg_replace_callback instead /Users/yangyang/www/llx_api/Core/Common/common.php 第 217 行.
INFO: [ app_begin ] --START--
INFO: ReadHtmlCache Behavior ::run [ RunTime:0.000191s ]
INFO: [ app_begin ] --END-- [ RunTime:0.000216s ]
NOTIC: [8192] mysql_connect(): The mysql extension is deprecated and will be removed in the future: use mysqli or PDO instead /Users/yangyang/www/llx_api/Core/Extend/Driver/Session/SessionDb.class.php 第 96 行.
NOTIC: 建议使用I方法替代_param
NOTIC: 建议使用I方法替代_param
NOTIC: [8192] mysql_connect(): The mysql extension is deprecated and will be removed in the future: use mysqli or PDO instead /Users/yangyang/www/llx_api/Core/Lib/Driver/Db/DbMysql.class.php 第 55 行.
SQL: SHOW COLUMNS FROM `bao_users` [ RunTime:0.022874s ]
NOTIC: [8192] preg_replace(): The /e modifier is deprecated, use preg_replace_callback instead /Users/yangyang/www/llx_api/Core/Lib/Core/Db.class.php 第 605 行.
SQL: SELECT * FROM `bao_users` WHERE ( `account` = '18914970292' ) LIMIT 1   [ RunTime:0.022510s ]

[ 2016-10-31T13:14:48+08:00 ] 0.0.0.0 /Apipublic/Apilogin/login
INFO: [ route_check ] --START--
INFO: CheckRoute Behavior ::run [ RunTime:0.000277s ]
INFO: [ route_check ] --END-- [ RunTime:0.000310s ]
NOTIC: [8192] preg_replace(): The /e modifier is deprecated, use preg_replace_callback instead /Users/yangyang/www/llx_api/Core/Lib/Core/Dispatcher.class.php 第 132 行.
NOTIC: [8192] preg_replace(): The /e modifier is deprecated, use preg_replace_callback instead /Users/yangyang/www/llx_api/Core/Common/common.php 第 217 行.
INFO: [ app_begin ] --START--
INFO: ReadHtmlCache Behavior ::run [ RunTime:0.000185s ]
INFO: [ app_begin ] --END-- [ RunTime:0.000208s ]
NOTIC: [8192] mysql_connect(): The mysql extension is deprecated and will be removed in the future: use mysqli or PDO instead /Users/yangyang/www/llx_api/Core/Extend/Driver/Session/SessionDb.class.php 第 96 行.

[ 2016-10-31T13:15:07+08:00 ] 0.0.0.0 /Apipublic/Apilogin/login
INFO: [ route_check ] --START--
INFO: CheckRoute Behavior ::run [ RunTime:0.000273s ]
INFO: [ route_check ] --END-- [ RunTime:0.000306s ]
NOTIC: [8192] preg_replace(): The /e modifier is deprecated, use preg_replace_callback instead /Users/yangyang/www/llx_api/Core/Lib/Core/Dispatcher.class.php 第 132 行.
NOTIC: [8192] preg_replace(): The /e modifier is deprecated, use preg_replace_callback instead /Users/yangyang/www/llx_api/Core/Common/common.php 第 217 行.
INFO: [ app_begin ] --START--
INFO: ReadHtmlCache Behavior ::run [ RunTime:0.000186s ]
INFO: [ app_begin ] --END-- [ RunTime:0.000211s ]
NOTIC: [8192] mysql_connect(): The mysql extension is deprecated and will be removed in the future: use mysqli or PDO instead /Users/yangyang/www/llx_api/Core/Extend/Driver/Session/SessionDb.class.php 第 96 行.

[ 2016-10-31T13:15:23+08:00 ] 0.0.0.0 /Apipublic/Apilogin/login
INFO: [ route_check ] --START--
INFO: CheckRoute Behavior ::run [ RunTime:0.000277s ]
INFO: [ route_check ] --END-- [ RunTime:0.000315s ]
NOTIC: [8192] preg_replace(): The /e modifier is deprecated, use preg_replace_callback instead /Users/yangyang/www/llx_api/Core/Lib/Core/Dispatcher.class.php 第 132 行.
NOTIC: [8192] preg_replace(): The /e modifier is deprecated, use preg_replace_callback instead /Users/yangyang/www/llx_api/Core/Common/common.php 第 217 行.
INFO: [ app_begin ] --START--
INFO: ReadHtmlCache Behavior ::run [ RunTime:0.000189s ]
INFO: [ app_begin ] --END-- [ RunTime:0.000216s ]
NOTIC: [8192] mysql_connect(): The mysql extension is deprecated and will be removed in the future: use mysqli or PDO instead /Users/yangyang/www/llx_api/Core/Extend/Driver/Session/SessionDb.class.php 第 96 行.

[ 2016-10-31T13:17:24+08:00 ] 0.0.0.0 /Apipublic/Apilogin/login
INFO: [ route_check ] --START--
INFO: CheckRoute Behavior ::run [ RunTime:0.000264s ]
INFO: [ route_check ] --END-- [ RunTime:0.000297s ]
NOTIC: [8192] preg_replace(): The /e modifier is deprecated, use preg_replace_callback instead /Users/yangyang/www/llx_api/Core/Lib/Core/Dispatcher.class.php 第 132 行.
NOTIC: [8192] preg_replace(): The /e modifier is deprecated, use preg_replace_callback instead /Users/yangyang/www/llx_api/Core/Common/common.php 第 217 行.
INFO: [ app_begin ] --START--
INFO: ReadHtmlCache Behavior ::run [ RunTime:0.000191s ]
INFO: [ app_begin ] --END-- [ RunTime:0.000215s ]
NOTIC: [8192] mysql_connect(): The mysql extension is deprecated and will be removed in the future: use mysqli or PDO instead /Users/yangyang/www/llx_api/Core/Extend/Driver/Session/SessionDb.class.php 第 96 行.
NOTIC: [8] Undefined variable: char /Users/yangyang/www/llx_api/Core/Extend/Library/ORG/Crypt/Base64.class.php 第 36 行.
NOTIC: [8] Undefined variable: str /Users/yangyang/www/llx_api/Core/Extend/Library/ORG/Crypt/Base64.class.php 第 40 行.

[ 2016-10-31T13:18:16+08:00 ] 0.0.0.0 /Apipublic/Apilogin/login
INFO: [ route_check ] --START--
INFO: CheckRoute Behavior ::run [ RunTime:0.000270s ]
INFO: [ route_check ] --END-- [ RunTime:0.000303s ]
NOTIC: [8192] preg_replace(): The /e modifier is deprecated, use preg_replace_callback instead /Users/yangyang/www/llx_api/Core/Lib/Core/Dispatcher.class.php 第 132 行.
NOTIC: [8192] preg_replace(): The /e modifier is deprecated, use preg_replace_callback instead /Users/yangyang/www/llx_api/Core/Common/common.php 第 217 行.
INFO: [ app_begin ] --START--
INFO: ReadHtmlCache Behavior ::run [ RunTime:0.000181s ]
INFO: [ app_begin ] --END-- [ RunTime:0.000205s ]
NOTIC: [8192] mysql_connect(): The mysql extension is deprecated and will be removed in the future: use mysqli or PDO instead /Users/yangyang/www/llx_api/Core/Extend/Driver/Session/SessionDb.class.php 第 96 行.
NOTIC: [8] Undefined variable: char /Users/yangyang/www/llx_api/Core/Extend/Library/ORG/Crypt/Base64.class.php 第 36 行.
NOTIC: [8] Undefined variable: str /Users/yangyang/www/llx_api/Core/Extend/Library/ORG/Crypt/Base64.class.php 第 40 行.

[ 2016-10-31T13:18:37+08:00 ] 0.0.0.0 /Apipublic/Apilogin/login
INFO: [ route_check ] --START--
INFO: CheckRoute Behavior ::run [ RunTime:0.000271s ]
INFO: [ route_check ] --END-- [ RunTime:0.000306s ]
NOTIC: [8192] preg_replace(): The /e modifier is deprecated, use preg_replace_callback instead /Users/yangyang/www/llx_api/Core/Lib/Core/Dispatcher.class.php 第 132 行.
NOTIC: [8192] preg_replace(): The /e modifier is deprecated, use preg_replace_callback instead /Users/yangyang/www/llx_api/Core/Common/common.php 第 217 行.
INFO: [ app_begin ] --START--
INFO: ReadHtmlCache Behavior ::run [ RunTime:0.000179s ]
INFO: [ app_begin ] --END-- [ RunTime:0.000202s ]
NOTIC: [8192] mysql_connect(): The mysql extension is deprecated and will be removed in the future: use mysqli or PDO instead /Users/yangyang/www/llx_api/Core/Extend/Driver/Session/SessionDb.class.php 第 96 行.
NOTIC: [8] Undefined variable: char /Users/yangyang/www/llx_api/Core/Extend/Library/ORG/Crypt/Base64.class.php 第 36 行.
NOTIC: [8] Undefined variable: str /Users/yangyang/www/llx_api/Core/Extend/Library/ORG/Crypt/Base64.class.php 第 40 行.

[ 2016-10-31T13:20:12+08:00 ] 0.0.0.0 /Apipublic/Apilogin/login
INFO: [ route_check ] --START--
INFO: CheckRoute Behavior ::run [ RunTime:0.000325s ]
INFO: [ route_check ] --END-- [ RunTime:0.000370s ]
NOTIC: [8192] preg_replace(): The /e modifier is deprecated, use preg_replace_callback instead /Users/yangyang/www/llx_api/Core/Lib/Core/Dispatcher.class.php 第 132 行.
NOTIC: [8192] preg_replace(): The /e modifier is deprecated, use preg_replace_callback instead /Users/yangyang/www/llx_api/Core/Common/common.php 第 217 行.
INFO: [ app_begin ] --START--
INFO: ReadHtmlCache Behavior ::run [ RunTime:0.000200s ]
INFO: [ app_begin ] --END-- [ RunTime:0.000223s ]
NOTIC: [8192] mysql_connect(): The mysql extension is deprecated and will be removed in the future: use mysqli or PDO instead /Users/yangyang/www/llx_api/Core/Extend/Driver/Session/SessionDb.class.php 第 96 行.
NOTIC: [8] Undefined variable: char /Users/yangyang/www/llx_api/Core/Extend/Library/ORG/Crypt/Base64.class.php 第 36 行.
NOTIC: [8] Undefined variable: str /Users/yangyang/www/llx_api/Core/Extend/Library/ORG/Crypt/Base64.class.php 第 40 行.

[ 2016-10-31T13:20:36+08:00 ] 0.0.0.0 /Apipublic/Apilogin/login
INFO: [ route_check ] --START--
INFO: CheckRoute Behavior ::run [ RunTime:0.000336s ]
INFO: [ route_check ] --END-- [ RunTime:0.000387s ]
NOTIC: [8192] preg_replace(): The /e modifier is deprecated, use preg_replace_callback instead /Users/yangyang/www/llx_api/Core/Lib/Core/Dispatcher.class.php 第 132 行.
NOTIC: [8192] preg_replace(): The /e modifier is deprecated, use preg_replace_callback instead /Users/yangyang/www/llx_api/Core/Common/common.php 第 217 行.
INFO: [ app_begin ] --START--
INFO: ReadHtmlCache Behavior ::run [ RunTime:0.000197s ]
INFO: [ app_begin ] --END-- [ RunTime:0.000222s ]
NOTIC: [8192] mysql_connect(): The mysql extension is deprecated and will be removed in the future: use mysqli or PDO instead /Users/yangyang/www/llx_api/Core/Extend/Driver/Session/SessionDb.class.php 第 96 行.
NOTIC: [8] Undefined variable: char /Users/yangyang/www/llx_api/Core/Extend/Library/ORG/Crypt/Base64.class.php 第 36 行.
NOTIC: [8] Undefined variable: str /Users/yangyang/www/llx_api/Core/Extend/Library/ORG/Crypt/Base64.class.php 第 40 行.

[ 2016-10-31T13:20:42+08:00 ] 0.0.0.0 /Apipublic/Apilogin/login
INFO: [ route_check ] --START--
INFO: CheckRoute Behavior ::run [ RunTime:0.000299s ]
INFO: [ route_check ] --END-- [ RunTime:0.000340s ]
NOTIC: [8192] preg_replace(): The /e modifier is deprecated, use preg_replace_callback instead /Users/yangyang/www/llx_api/Core/Lib/Core/Dispatcher.class.php 第 132 行.
NOTIC: [8192] preg_replace(): The /e modifier is deprecated, use preg_replace_callback instead /Users/yangyang/www/llx_api/Core/Common/common.php 第 217 行.
INFO: [ app_begin ] --START--
INFO: ReadHtmlCache Behavior ::run [ RunTime:0.000197s ]
INFO: [ app_begin ] --END-- [ RunTime:0.000226s ]
NOTIC: [8192] mysql_connect(): The mysql extension is deprecated and will be removed in the future: use mysqli or PDO instead /Users/yangyang/www/llx_api/Core/Extend/Driver/Session/SessionDb.class.php 第 96 行.
NOTIC: [8] Undefined variable: char /Users/yangyang/www/llx_api/Core/Extend/Library/ORG/Crypt/Base64.class.php 第 36 行.
NOTIC: [8] Undefined variable: str /Users/yangyang/www/llx_api/Core/Extend/Library/ORG/Crypt/Base64.class.php 第 40 行.

[ 2016-10-31T13:20:59+08:00 ] 0.0.0.0 /Apipublic/Apilogin/login
INFO: [ route_check ] --START--
INFO: CheckRoute Behavior ::run [ RunTime:0.000296s ]
INFO: [ route_check ] --END-- [ RunTime:0.000330s ]
NOTIC: [8192] preg_replace(): The /e modifier is deprecated, use preg_replace_callback instead /Users/yangyang/www/llx_api/Core/Lib/Core/Dispatcher.class.php 第 132 行.
NOTIC: [8192] preg_replace(): The /e modifier is deprecated, use preg_replace_callback instead /Users/yangyang/www/llx_api/Core/Common/common.php 第 217 行.
INFO: [ app_begin ] --START--
INFO: ReadHtmlCache Behavior ::run [ RunTime:0.000181s ]
INFO: [ app_begin ] --END-- [ RunTime:0.000205s ]
NOTIC: [8192] mysql_connect(): The mysql extension is deprecated and will be removed in the future: use mysqli or PDO instead /Users/yangyang/www/llx_api/Core/Extend/Driver/Session/SessionDb.class.php 第 96 行.
NOTIC: [8] Undefined variable: char /Users/yangyang/www/llx_api/Core/Extend/Library/ORG/Crypt/Base64.class.php 第 36 行.
NOTIC: [8] Undefined variable: str /Users/yangyang/www/llx_api/Core/Extend/Library/ORG/Crypt/Base64.class.php 第 40 行.

[ 2016-10-31T13:21:17+08:00 ] 0.0.0.0 /Apipublic/Apilogin/login_only_name
INFO: [ route_check ] --START--
INFO: CheckRoute Behavior ::run [ RunTime:0.000288s ]
INFO: [ route_check ] --END-- [ RunTime:0.000321s ]
NOTIC: [8192] preg_replace(): The /e modifier is deprecated, use preg_replace_callback instead /Users/yangyang/www/llx_api/Core/Lib/Core/Dispatcher.class.php 第 132 行.
NOTIC: [8192] preg_replace(): The /e modifier is deprecated, use preg_replace_callback instead /Users/yangyang/www/llx_api/Core/Common/common.php 第 217 行.
INFO: [ app_begin ] --START--
INFO: ReadHtmlCache Behavior ::run [ RunTime:0.000184s ]
INFO: [ app_begin ] --END-- [ RunTime:0.000208s ]
NOTIC: [8192] mysql_connect(): The mysql extension is deprecated and will be removed in the future: use mysqli or PDO instead /Users/yangyang/www/llx_api/Core/Extend/Driver/Session/SessionDb.class.php 第 96 行.
NOTIC: 建议使用I方法替代_param
NOTIC: 建议使用I方法替代_param
NOTIC: [8192] mysql_connect(): The mysql extension is deprecated and will be removed in the future: use mysqli or PDO instead /Users/yangyang/www/llx_api/Core/Lib/Driver/Db/DbMysql.class.php 第 55 行.
SQL: SHOW COLUMNS FROM `bao_users` [ RunTime:0.016297s ]
NOTIC: [8192] preg_replace(): The /e modifier is deprecated, use preg_replace_callback instead /Users/yangyang/www/llx_api/Core/Lib/Core/Db.class.php 第 605 行.
SQL: SELECT * FROM `bao_users` WHERE ( `account` = '18914970292' ) LIMIT 1   [ RunTime:0.018883s ]
NOTIC: [8] Undefined variable: char /Users/yangyang/www/llx_api/Core/Extend/Library/ORG/Crypt/Base64.class.php 第 36 行.
NOTIC: [8] Undefined variable: str /Users/yangyang/www/llx_api/Core/Extend/Library/ORG/Crypt/Base64.class.php 第 40 行.

[ 2016-10-31T13:22:43+08:00 ] 0.0.0.0 /Apipublic/Apilogin/login_only_name
INFO: [ route_check ] --START--
INFO: CheckRoute Behavior ::run [ RunTime:0.000372s ]
INFO: [ route_check ] --END-- [ RunTime:0.000423s ]
NOTIC: [8192] preg_replace(): The /e modifier is deprecated, use preg_replace_callback instead /Users/yangyang/www/llx_api/Core/Lib/Core/Dispatcher.class.php 第 132 行.
NOTIC: [8192] preg_replace(): The /e modifier is deprecated, use preg_replace_callback instead /Users/yangyang/www/llx_api/Core/Common/common.php 第 217 行.
INFO: [ app_begin ] --START--
INFO: ReadHtmlCache Behavior ::run [ RunTime:0.000226s ]
INFO: [ app_begin ] --END-- [ RunTime:0.000252s ]
NOTIC: [8192] mysql_connect(): The mysql extension is deprecated and will be removed in the future: use mysqli or PDO instead /Users/yangyang/www/llx_api/Core/Extend/Driver/Session/SessionDb.class.php 第 96 行.
NOTIC: 建议使用I方法替代_param
NOTIC: 建议使用I方法替代_param
NOTIC: [8192] mysql_connect(): The mysql extension is deprecated and will be removed in the future: use mysqli or PDO instead /Users/yangyang/www/llx_api/Core/Lib/Driver/Db/DbMysql.class.php 第 55 行.
SQL: SHOW COLUMNS FROM `bao_users` [ RunTime:0.019007s ]
NOTIC: [8192] preg_replace(): The /e modifier is deprecated, use preg_replace_callback instead /Users/yangyang/www/llx_api/Core/Lib/Core/Db.class.php 第 605 行.
SQL: SELECT * FROM `bao_users` WHERE ( `account` = '18914970292' ) LIMIT 1   [ RunTime:0.015944s ]
NOTIC: [8] Undefined variable: char /Users/yangyang/www/llx_api/Core/Extend/Library/ORG/Crypt/Base64.class.php 第 36 行.
NOTIC: [8] Undefined variable: str /Users/yangyang/www/llx_api/Core/Extend/Library/ORG/Crypt/Base64.class.php 第 40 行.

[ 2016-10-31T13:23:30+08:00 ] 0.0.0.0 /Apipublic/Apilogin/login
INFO: [ route_check ] --START--
INFO: CheckRoute Behavior ::run [ RunTime:0.000265s ]
INFO: [ route_check ] --END-- [ RunTime:0.000298s ]
NOTIC: [8192] preg_replace(): The /e modifier is deprecated, use preg_replace_callback instead /Users/yangyang/www/llx_api/Core/Lib/Core/Dispatcher.class.php 第 132 行.
NOTIC: [8192] preg_replace(): The /e modifier is deprecated, use preg_replace_callback instead /Users/yangyang/www/llx_api/Core/Common/common.php 第 217 行.
INFO: [ app_begin ] --START--
INFO: ReadHtmlCache Behavior ::run [ RunTime:0.000181s ]
INFO: [ app_begin ] --END-- [ RunTime:0.000203s ]
NOTIC: [8192] mysql_connect(): The mysql extension is deprecated and will be removed in the future: use mysqli or PDO instead /Users/yangyang/www/llx_api/Core/Extend/Driver/Session/SessionDb.class.php 第 96 行.
NOTIC: [8] Undefined variable: char /Users/yangyang/www/llx_api/Core/Extend/Library/ORG/Crypt/Base64.class.php 第 36 行.
NOTIC: [8] Undefined variable: str /Users/yangyang/www/llx_api/Core/Extend/Library/ORG/Crypt/Base64.class.php 第 40 行.

[ 2016-10-31T13:23:40+08:00 ] 0.0.0.0 /Apipublic/Apilogin/login
INFO: [ route_check ] --START--
INFO: CheckRoute Behavior ::run [ RunTime:0.000369s ]
INFO: [ route_check ] --END-- [ RunTime:0.000414s ]
NOTIC: [8192] preg_replace(): The /e modifier is deprecated, use preg_replace_callback instead /Users/yangyang/www/llx_api/Core/Lib/Core/Dispatcher.class.php 第 132 行.
NOTIC: [8192] preg_replace(): The /e modifier is deprecated, use preg_replace_callback instead /Users/yangyang/www/llx_api/Core/Common/common.php 第 217 行.
INFO: [ app_begin ] --START--
INFO: ReadHtmlCache Behavior ::run [ RunTime:0.000219s ]
INFO: [ app_begin ] --END-- [ RunTime:0.000247s ]
NOTIC: [8192] mysql_connect(): The mysql extension is deprecated and will be removed in the future: use mysqli or PDO instead /Users/yangyang/www/llx_api/Core/Extend/Driver/Session/SessionDb.class.php 第 96 行.
NOTIC: [8] Undefined variable: char /Users/yangyang/www/llx_api/Core/Extend/Library/ORG/Crypt/Base64.class.php 第 36 行.
NOTIC: [8] Undefined variable: str /Users/yangyang/www/llx_api/Core/Extend/Library/ORG/Crypt/Base64.class.php 第 40 行.

[ 2016-10-31T13:25:57+08:00 ] 0.0.0.0 /Apipublic/Apilogin/login
INFO: [ route_check ] --START--
INFO: CheckRoute Behavior ::run [ RunTime:0.000281s ]
INFO: [ route_check ] --END-- [ RunTime:0.000316s ]
NOTIC: [8192] preg_replace(): The /e modifier is deprecated, use preg_replace_callback instead /Users/yangyang/www/llx_api/Core/Lib/Core/Dispatcher.class.php 第 132 行.
NOTIC: [8192] preg_replace(): The /e modifier is deprecated, use preg_replace_callback instead /Users/yangyang/www/llx_api/Core/Common/common.php 第 217 行.
INFO: [ app_begin ] --START--
INFO: ReadHtmlCache Behavior ::run [ RunTime:0.000185s ]
INFO: [ app_begin ] --END-- [ RunTime:0.000209s ]
NOTIC: [8192] mysql_connect(): The mysql extension is deprecated and will be removed in the future: use mysqli or PDO instead /Users/yangyang/www/llx_api/Core/Extend/Driver/Session/SessionDb.class.php 第 96 行.
NOTIC: [8] Undefined variable: char /Users/yangyang/www/llx_api/Core/Extend/Library/ORG/Crypt/Base64.class.php 第 36 行.
NOTIC: [8] Undefined variable: str /Users/yangyang/www/llx_api/Core/Extend/Library/ORG/Crypt/Base64.class.php 第 40 行.

[ 2016-10-31T13:30:37+08:00 ] 0.0.0.0 /Apipublic/Apilogin/login
INFO: [ route_check ] --START--
INFO: CheckRoute Behavior ::run [ RunTime:0.000273s ]
INFO: [ route_check ] --END-- [ RunTime:0.000308s ]
NOTIC: [8192] preg_replace(): The /e modifier is deprecated, use preg_replace_callback instead /Users/yangyang/www/llx_api/Core/Lib/Core/Dispatcher.class.php 第 132 行.
NOTIC: [8192] preg_replace(): The /e modifier is deprecated, use preg_replace_callback instead /Users/yangyang/www/llx_api/Core/Common/common.php 第 217 行.
INFO: [ app_begin ] --START--
INFO: ReadHtmlCache Behavior ::run [ RunTime:0.000184s ]
INFO: [ app_begin ] --END-- [ RunTime:0.000207s ]
NOTIC: [8192] mysql_connect(): The mysql extension is deprecated and will be removed in the future: use mysqli or PDO instead /Users/yangyang/www/llx_api/Core/Extend/Driver/Session/SessionDb.class.php 第 96 行.
NOTIC: [8] Undefined variable: char /Users/yangyang/www/llx_api/Core/Extend/Library/ORG/Crypt/Base64.class.php 第 36 行.
NOTIC: [8] Undefined variable: str /Users/yangyang/www/llx_api/Core/Extend/Library/ORG/Crypt/Base64.class.php 第 40 行.

[ 2016-10-31T13:31:08+08:00 ] 0.0.0.0 /Apipublic/Apilogin/login
INFO: [ route_check ] --START--
INFO: CheckRoute Behavior ::run [ RunTime:0.000270s ]
INFO: [ route_check ] --END-- [ RunTime:0.000302s ]
NOTIC: [8192] preg_replace(): The /e modifier is deprecated, use preg_replace_callback instead /Users/yangyang/www/llx_api/Core/Lib/Core/Dispatcher.class.php 第 132 行.
NOTIC: [8192] preg_replace(): The /e modifier is deprecated, use preg_replace_callback instead /Users/yangyang/www/llx_api/Core/Common/common.php 第 217 行.
INFO: [ app_begin ] --START--
INFO: ReadHtmlCache Behavior ::run [ RunTime:0.000205s ]
INFO: [ app_begin ] --END-- [ RunTime:0.000234s ]
NOTIC: [8192] mysql_connect(): The mysql extension is deprecated and will be removed in the future: use mysqli or PDO instead /Users/yangyang/www/llx_api/Core/Extend/Driver/Session/SessionDb.class.php 第 96 行.
NOTIC: [8] Undefined variable: char /Users/yangyang/www/llx_api/Core/Extend/Library/ORG/Crypt/Base64.class.php 第 36 行.
NOTIC: [8] Undefined variable: str /Users/yangyang/www/llx_api/Core/Extend/Library/ORG/Crypt/Base64.class.php 第 40 行.

[ 2016-10-31T13:31:50+08:00 ] 0.0.0.0 /Apipublic/Apilogin/login
INFO: [ route_check ] --START--
INFO: CheckRoute Behavior ::run [ RunTime:0.000263s ]
INFO: [ route_check ] --END-- [ RunTime:0.000295s ]
NOTIC: [8192] preg_replace(): The /e modifier is deprecated, use preg_replace_callback instead /Users/yangyang/www/llx_api/Core/Lib/Core/Dispatcher.class.php 第 132 行.
NOTIC: [8192] preg_replace(): The /e modifier is deprecated, use preg_replace_callback instead /Users/yangyang/www/llx_api/Core/Common/common.php 第 217 行.
INFO: [ app_begin ] --START--
INFO: ReadHtmlCache Behavior ::run [ RunTime:0.000177s ]
INFO: [ app_begin ] --END-- [ RunTime:0.000199s ]
NOTIC: [8192] mysql_connect(): The mysql extension is deprecated and will be removed in the future: use mysqli or PDO instead /Users/yangyang/www/llx_api/Core/Extend/Driver/Session/SessionDb.class.php 第 96 行.
NOTIC: [8] Undefined variable: char /Users/yangyang/www/llx_api/Core/Extend/Library/ORG/Crypt/Base64.class.php 第 36 行.
NOTIC: [8] Undefined variable: str /Users/yangyang/www/llx_api/Core/Extend/Library/ORG/Crypt/Base64.class.php 第 40 行.
NOTIC: [8] Undefined variable: char /Users/yangyang/www/llx_api/Core/Extend/Library/ORG/Crypt/Base64.class.php 第 59 行.
NOTIC: [8] Undefined variable: str /Users/yangyang/www/llx_api/Core/Extend/Library/ORG/Crypt/Base64.class.php 第 66 行.

[ 2016-10-31T13:32:23+08:00 ] 0.0.0.0 /Apipublic/Apilogin/login
INFO: [ route_check ] --START--
INFO: CheckRoute Behavior ::run [ RunTime:0.000264s ]
INFO: [ route_check ] --END-- [ RunTime:0.000296s ]
NOTIC: [8192] preg_replace(): The /e modifier is deprecated, use preg_replace_callback instead /Users/yangyang/www/llx_api/Core/Lib/Core/Dispatcher.class.php 第 132 行.
NOTIC: [8192] preg_replace(): The /e modifier is deprecated, use preg_replace_callback instead /Users/yangyang/www/llx_api/Core/Common/common.php 第 217 行.
INFO: [ app_begin ] --START--
INFO: ReadHtmlCache Behavior ::run [ RunTime:0.000178s ]
INFO: [ app_begin ] --END-- [ RunTime:0.000200s ]
NOTIC: [8192] mysql_connect(): The mysql extension is deprecated and will be removed in the future: use mysqli or PDO instead /Users/yangyang/www/llx_api/Core/Extend/Driver/Session/SessionDb.class.php 第 96 行.
NOTIC: [8] Undefined variable: char /Users/yangyang/www/llx_api/Core/Extend/Library/ORG/Crypt/Base64.class.php 第 36 行.
NOTIC: [8] Undefined variable: str /Users/yangyang/www/llx_api/Core/Extend/Library/ORG/Crypt/Base64.class.php 第 40 行.
NOTIC: [8] Undefined variable: char /Users/yangyang/www/llx_api/Core/Extend/Library/ORG/Crypt/Base64.class.php 第 59 行.
NOTIC: [8] Undefined variable: str /Users/yangyang/www/llx_api/Core/Extend/Library/ORG/Crypt/Base64.class.php 第 66 行.

[ 2016-10-31T13:33:28+08:00 ] 0.0.0.0 /Apipublic/Apilogin/login
INFO: [ route_check ] --START--
INFO: CheckRoute Behavior ::run [ RunTime:0.000398s ]
INFO: [ route_check ] --END-- [ RunTime:0.000448s ]
NOTIC: [8192] preg_replace(): The /e modifier is deprecated, use preg_replace_callback instead /Users/yangyang/www/llx_api/Core/Lib/Core/Dispatcher.class.php 第 132 行.
NOTIC: [8192] preg_replace(): The /e modifier is deprecated, use preg_replace_callback instead /Users/yangyang/www/llx_api/Core/Common/common.php 第 217 行.
INFO: [ app_begin ] --START--
INFO: ReadHtmlCache Behavior ::run [ RunTime:0.000266s ]
INFO: [ app_begin ] --END-- [ RunTime:0.000299s ]
NOTIC: [8192] mysql_connect(): The mysql extension is deprecated and will be removed in the future: use mysqli or PDO instead /Users/yangyang/www/llx_api/Core/Extend/Driver/Session/SessionDb.class.php 第 96 行.
NOTIC: [8] Undefined variable: char /Users/yangyang/www/llx_api/Core/Extend/Library/ORG/Crypt/Base64.class.php 第 36 行.
NOTIC: [8] Undefined variable: str /Users/yangyang/www/llx_api/Core/Extend/Library/ORG/Crypt/Base64.class.php 第 40 行.
NOTIC: [8] Undefined variable: char /Users/yangyang/www/llx_api/Core/Extend/Library/ORG/Crypt/Base64.class.php 第 59 行.
NOTIC: [8] Undefined variable: str /Users/yangyang/www/llx_api/Core/Extend/Library/ORG/Crypt/Base64.class.php 第 66 行.

[ 2016-10-31T13:36:40+08:00 ] 0.0.0.0 /Apipublic/Apilogin/login
INFO: [ route_check ] --START--
INFO: CheckRoute Behavior ::run [ RunTime:0.000261s ]
INFO: [ route_check ] --END-- [ RunTime:0.000293s ]
NOTIC: [8192] preg_replace(): The /e modifier is deprecated, use preg_replace_callback instead /Users/yangyang/www/llx_api/Core/Lib/Core/Dispatcher.class.php 第 132 行.
NOTIC: [8192] preg_replace(): The /e modifier is deprecated, use preg_replace_callback instead /Users/yangyang/www/llx_api/Core/Common/common.php 第 217 行.
INFO: [ app_begin ] --START--
INFO: ReadHtmlCache Behavior ::run [ RunTime:0.000178s ]
INFO: [ app_begin ] --END-- [ RunTime:0.000201s ]
NOTIC: [8192] mysql_connect(): The mysql extension is deprecated and will be removed in the future: use mysqli or PDO instead /Users/yangyang/www/llx_api/Core/Extend/Driver/Session/SessionDb.class.php 第 96 行.
NOTIC: 建议使用I方法替代_param
NOTIC: [8] Undefined variable: char /Users/yangyang/www/llx_api/Core/Extend/Library/ORG/Crypt/Base64.class.php 第 59 行.
NOTIC: [8] Undefined variable: str /Users/yangyang/www/llx_api/Core/Extend/Library/ORG/Crypt/Base64.class.php 第 66 行.

[ 2016-10-31T13:44:02+08:00 ] 0.0.0.0 /Apipublic/Apilogin/test_token
INFO: [ route_check ] --START--
INFO: CheckRoute Behavior ::run [ RunTime:0.000269s ]
INFO: [ route_check ] --END-- [ RunTime:0.000303s ]
NOTIC: [8192] preg_replace(): The /e modifier is deprecated, use preg_replace_callback instead /Users/yangyang/www/llx_api/Core/Lib/Core/Dispatcher.class.php 第 132 行.
NOTIC: [8192] preg_replace(): The /e modifier is deprecated, use preg_replace_callback instead /Users/yangyang/www/llx_api/Core/Common/common.php 第 217 行.
INFO: [ app_begin ] --START--
INFO: ReadHtmlCache Behavior ::run [ RunTime:0.000180s ]
INFO: [ app_begin ] --END-- [ RunTime:0.000202s ]
NOTIC: [8192] mysql_connect(): The mysql extension is deprecated and will be removed in the future: use mysqli or PDO instead /Users/yangyang/www/llx_api/Core/Extend/Driver/Session/SessionDb.class.php 第 96 行.
NOTIC: [8] Undefined variable: str /Users/yangyang/www/llx_api/Core/Extend/Library/ORG/Crypt/Base64.class.php 第 69 行.

[ 2016-10-31T13:44:35+08:00 ] 0.0.0.0 /Apipublic/Apilogin/test_token
INFO: [ route_check ] --START--
INFO: CheckRoute Behavior ::run [ RunTime:0.000312s ]
INFO: [ route_check ] --END-- [ RunTime:0.000365s ]
NOTIC: [8192] preg_replace(): The /e modifier is deprecated, use preg_replace_callback instead /Users/yangyang/www/llx_api/Core/Lib/Core/Dispatcher.class.php 第 132 行.
NOTIC: [8192] preg_replace(): The /e modifier is deprecated, use preg_replace_callback instead /Users/yangyang/www/llx_api/Core/Common/common.php 第 217 行.
INFO: [ app_begin ] --START--
INFO: ReadHtmlCache Behavior ::run [ RunTime:0.000273s ]
INFO: [ app_begin ] --END-- [ RunTime:0.000305s ]
NOTIC: [8192] mysql_connect(): The mysql extension is deprecated and will be removed in the future: use mysqli or PDO instead /Users/yangyang/www/llx_api/Core/Extend/Driver/Session/SessionDb.class.php 第 96 行.
NOTIC: [8] Undefined variable: str /Users/yangyang/www/llx_api/Core/Extend/Library/ORG/Crypt/Base64.class.php 第 69 行.

[ 2016-10-31T13:44:50+08:00 ] 0.0.0.0 /Apipublic/Apilogin/test_token
INFO: [ route_check ] --START--
INFO: CheckRoute Behavior ::run [ RunTime:0.000396s ]
INFO: [ route_check ] --END-- [ RunTime:0.000442s ]
NOTIC: [8192] preg_replace(): The /e modifier is deprecated, use preg_replace_callback instead /Users/yangyang/www/llx_api/Core/Lib/Core/Dispatcher.class.php 第 132 行.
NOTIC: [8192] preg_replace(): The /e modifier is deprecated, use preg_replace_callback instead /Users/yangyang/www/llx_api/Core/Common/common.php 第 217 行.
INFO: [ app_begin ] --START--
INFO: ReadHtmlCache Behavior ::run [ RunTime:0.000188s ]
INFO: [ app_begin ] --END-- [ RunTime:0.000211s ]
NOTIC: [8192] mysql_connect(): The mysql extension is deprecated and will be removed in the future: use mysqli or PDO instead /Users/yangyang/www/llx_api/Core/Extend/Driver/Session/SessionDb.class.php 第 96 行.
NOTIC: [8] Undefined variable: char /Users/yangyang/www/llx_api/Core/Extend/Library/ORG/Crypt/Base64.class.php 第 59 行.
NOTIC: [8] Undefined variable: str /Users/yangyang/www/llx_api/Core/Extend/Library/ORG/Crypt/Base64.class.php 第 66 行.

[ 2016-10-31T13:45:42+08:00 ] 0.0.0.0 /Apipublic/Apilogin/test_token
INFO: [ route_check ] --START--
INFO: CheckRoute Behavior ::run [ RunTime:0.000281s ]
INFO: [ route_check ] --END-- [ RunTime:0.000321s ]
NOTIC: [8192] preg_replace(): The /e modifier is deprecated, use preg_replace_callback instead /Users/yangyang/www/llx_api/Core/Lib/Core/Dispatcher.class.php 第 132 行.
NOTIC: [8192] preg_replace(): The /e modifier is deprecated, use preg_replace_callback instead /Users/yangyang/www/llx_api/Core/Common/common.php 第 217 行.
INFO: [ app_begin ] --START--
INFO: ReadHtmlCache Behavior ::run [ RunTime:0.000186s ]
INFO: [ app_begin ] --END-- [ RunTime:0.000209s ]
NOTIC: [8192] mysql_connect(): The mysql extension is deprecated and will be removed in the future: use mysqli or PDO instead /Users/yangyang/www/llx_api/Core/Extend/Driver/Session/SessionDb.class.php 第 96 行.
NOTIC: [8] Undefined variable: char /Users/yangyang/www/llx_api/Core/Extend/Library/ORG/Crypt/Base64.class.php 第 59 行.
NOTIC: [8] Undefined variable: str /Users/yangyang/www/llx_api/Core/Extend/Library/ORG/Crypt/Base64.class.php 第 66 行.

[ 2016-10-31T13:47:04+08:00 ] 0.0.0.0 /Apipublic/Apilogin/test_token
INFO: [ route_check ] --START--
INFO: CheckRoute Behavior ::run [ RunTime:0.000275s ]
INFO: [ route_check ] --END-- [ RunTime:0.000309s ]
NOTIC: [8192] preg_replace(): The /e modifier is deprecated, use preg_replace_callback instead /Users/yangyang/www/llx_api/Core/Lib/Core/Dispatcher.class.php 第 132 行.
NOTIC: [8192] preg_replace(): The /e modifier is deprecated, use preg_replace_callback instead /Users/yangyang/www/llx_api/Core/Common/common.php 第 217 行.
INFO: [ app_begin ] --START--
INFO: ReadHtmlCache Behavior ::run [ RunTime:0.000184s ]
INFO: [ app_begin ] --END-- [ RunTime:0.000207s ]
NOTIC: [8192] mysql_connect(): The mysql extension is deprecated and will be removed in the future: use mysqli or PDO instead /Users/yangyang/www/llx_api/Core/Extend/Driver/Session/SessionDb.class.php 第 96 行.
NOTIC: [8] Undefined variable: char /Users/yangyang/www/llx_api/Core/Extend/Library/ORG/Crypt/Base64.class.php 第 59 行.
NOTIC: [8] Undefined variable: str /Users/yangyang/www/llx_api/Core/Extend/Library/ORG/Crypt/Base64.class.php 第 66 行.

[ 2016-10-31T13:48:16+08:00 ] 0.0.0.0 /Apipublic/Apilogin/test_token
INFO: [ route_check ] --START--
INFO: CheckRoute Behavior ::run [ RunTime:0.000267s ]
INFO: [ route_check ] --END-- [ RunTime:0.000301s ]
NOTIC: [8192] preg_replace(): The /e modifier is deprecated, use preg_replace_callback instead /Users/yangyang/www/llx_api/Core/Lib/Core/Dispatcher.class.php 第 132 行.
NOTIC: [8192] preg_replace(): The /e modifier is deprecated, use preg_replace_callback instead /Users/yangyang/www/llx_api/Core/Common/common.php 第 217 行.
INFO: [ app_begin ] --START--
INFO: ReadHtmlCache Behavior ::run [ RunTime:0.000179s ]
INFO: [ app_begin ] --END-- [ RunTime:0.000202s ]
NOTIC: [8192] mysql_connect(): The mysql extension is deprecated and will be removed in the future: use mysqli or PDO instead /Users/yangyang/www/llx_api/Core/Extend/Driver/Session/SessionDb.class.php 第 96 行.
NOTIC: [8] Undefined variable: char /Users/yangyang/www/llx_api/Core/Extend/Library/ORG/Crypt/Base64.class.php 第 59 行.
NOTIC: [8] Undefined variable: str /Users/yangyang/www/llx_api/Core/Extend/Library/ORG/Crypt/Base64.class.php 第 66 行.

[ 2016-10-31T14:18:49+08:00 ] 0.0.0.0 /Apipublic/Apilogin/test_token
INFO: [ route_check ] --START--
INFO: CheckRoute Behavior ::run [ RunTime:0.000278s ]
INFO: [ route_check ] --END-- [ RunTime:0.000318s ]
NOTIC: [8192] preg_replace(): The /e modifier is deprecated, use preg_replace_callback instead /Users/yangyang/www/llx_api/Core/Lib/Core/Dispatcher.class.php 第 132 行.
NOTIC: [8192] preg_replace(): The /e modifier is deprecated, use preg_replace_callback instead /Users/yangyang/www/llx_api/Core/Common/common.php 第 217 行.
INFO: [ app_begin ] --START--
INFO: ReadHtmlCache Behavior ::run [ RunTime:0.000186s ]
INFO: [ app_begin ] --END-- [ RunTime:0.000210s ]
NOTIC: [8192] mysql_connect(): The mysql extension is deprecated and will be removed in the future: use mysqli or PDO instead /Users/yangyang/www/llx_api/Core/Extend/Driver/Session/SessionDb.class.php 第 96 行.
NOTIC: [8] Undefined variable: char /Users/yangyang/www/llx_api/Core/Extend/Library/ORG/Crypt/Base64.class.php 第 59 行.
NOTIC: [8] Undefined variable: str /Users/yangyang/www/llx_api/Core/Extend/Library/ORG/Crypt/Base64.class.php 第 66 行.

[ 2016-10-31T14:18:58+08:00 ] 0.0.0.0 /Apipublic/Apilogin/test_token
INFO: [ route_check ] --START--
INFO: CheckRoute Behavior ::run [ RunTime:0.000307s ]
INFO: [ route_check ] --END-- [ RunTime:0.000342s ]
NOTIC: [8192] preg_replace(): The /e modifier is deprecated, use preg_replace_callback instead /Users/yangyang/www/llx_api/Core/Lib/Core/Dispatcher.class.php 第 132 行.
NOTIC: [8192] preg_replace(): The /e modifier is deprecated, use preg_replace_callback instead /Users/yangyang/www/llx_api/Core/Common/common.php 第 217 行.
INFO: [ app_begin ] --START--
INFO: ReadHtmlCache Behavior ::run [ RunTime:0.000183s ]
INFO: [ app_begin ] --END-- [ RunTime:0.000207s ]
NOTIC: [8192] mysql_connect(): The mysql extension is deprecated and will be removed in the future: use mysqli or PDO instead /Users/yangyang/www/llx_api/Core/Extend/Driver/Session/SessionDb.class.php 第 96 行.
NOTIC: [8] Undefined variable: str /Users/yangyang/www/llx_api/Core/Extend/Library/ORG/Crypt/Base64.class.php 第 69 行.

[ 2016-10-31T14:38:17+08:00 ] 0.0.0.0 /Apipublic/Apilogin/test_token
INFO: [ route_check ] --START--
INFO: CheckRoute Behavior ::run [ RunTime:0.000299s ]
INFO: [ route_check ] --END-- [ RunTime:0.000335s ]
NOTIC: [8192] preg_replace(): The /e modifier is deprecated, use preg_replace_callback instead /Users/yangyang/www/llx_api/Core/Lib/Core/Dispatcher.class.php 第 132 行.
NOTIC: [8192] preg_replace(): The /e modifier is deprecated, use preg_replace_callback instead /Users/yangyang/www/llx_api/Core/Common/common.php 第 217 行.
INFO: [ app_begin ] --START--
INFO: ReadHtmlCache Behavior ::run [ RunTime:0.000195s ]
INFO: [ app_begin ] --END-- [ RunTime:0.000232s ]
NOTIC: [8192] mysql_connect(): The mysql extension is deprecated and will be removed in the future: use mysqli or PDO instead /Users/yangyang/www/llx_api/Core/Extend/Driver/Session/SessionDb.class.php 第 96 行.
NOTIC: [8] Undefined variable: char /Users/yangyang/www/llx_api/Core/Extend/Library/ORG/Crypt/Base64.class.php 第 59 行.
NOTIC: [8] Undefined variable: str /Users/yangyang/www/llx_api/Core/Extend/Library/ORG/Crypt/Base64.class.php 第 66 行.

[ 2016-10-31T14:38:40+08:00 ] 0.0.0.0 /Apipublic/Apilogin/test_token
INFO: [ route_check ] --START--
INFO: CheckRoute Behavior ::run [ RunTime:0.000344s ]
INFO: [ route_check ] --END-- [ RunTime:0.000400s ]
NOTIC: [8192] preg_replace(): The /e modifier is deprecated, use preg_replace_callback instead /Users/yangyang/www/llx_api/Core/Lib/Core/Dispatcher.class.php 第 132 行.
NOTIC: [8192] preg_replace(): The /e modifier is deprecated, use preg_replace_callback instead /Users/yangyang/www/llx_api/Core/Common/common.php 第 217 行.
INFO: [ app_begin ] --START--
INFO: ReadHtmlCache Behavior ::run [ RunTime:0.000188s ]
INFO: [ app_begin ] --END-- [ RunTime:0.000213s ]
NOTIC: [8192] mysql_connect(): The mysql extension is deprecated and will be removed in the future: use mysqli or PDO instead /Users/yangyang/www/llx_api/Core/Extend/Driver/Session/SessionDb.class.php 第 96 行.
NOTIC: [8] Undefined variable: str /Users/yangyang/www/llx_api/Core/Extend/Library/ORG/Crypt/Base64.class.php 第 69 行.

[ 2016-10-31T14:47:09+08:00 ] 0.0.0.0 /Apipublic/Apilogin/test_token
INFO: [ route_check ] --START--
INFO: CheckRoute Behavior ::run [ RunTime:0.000513s ]
INFO: [ route_check ] --END-- [ RunTime:0.000600s ]
NOTIC: [8192] preg_replace(): The /e modifier is deprecated, use preg_replace_callback instead /Users/yangyang/www/llx_api/Core/Lib/Core/Dispatcher.class.php 第 132 行.
NOTIC: [8192] preg_replace(): The /e modifier is deprecated, use preg_replace_callback instead /Users/yangyang/www/llx_api/Core/Common/common.php 第 217 行.
INFO: [ app_begin ] --START--
INFO: ReadHtmlCache Behavior ::run [ RunTime:0.000350s ]
INFO: [ app_begin ] --END-- [ RunTime:0.000384s ]
NOTIC: [8192] mysql_connect(): The mysql extension is deprecated and will be removed in the future: use mysqli or PDO instead /Users/yangyang/www/llx_api/Core/Extend/Driver/Session/SessionDb.class.php 第 96 行.
NOTIC: [8] Undefined variable: char /Users/yangyang/www/llx_api/Core/Extend/Library/ORG/Crypt/Base64.class.php 第 59 行.
NOTIC: [8] Undefined variable: str /Users/yangyang/www/llx_api/Core/Extend/Library/ORG/Crypt/Base64.class.php 第 66 行.

[ 2016-10-31T14:52:46+08:00 ] 0.0.0.0 /Apipublic/Apilogin/test_token
INFO: [ route_check ] --START--
INFO: CheckRoute Behavior ::run [ RunTime:0.000277s ]
INFO: [ route_check ] --END-- [ RunTime:0.000313s ]
NOTIC: [8192] preg_replace(): The /e modifier is deprecated, use preg_replace_callback instead /Users/yangyang/www/llx_api/Core/Lib/Core/Dispatcher.class.php 第 132 行.
NOTIC: [8192] preg_replace(): The /e modifier is deprecated, use preg_replace_callback instead /Users/yangyang/www/llx_api/Core/Common/common.php 第 217 行.
INFO: [ app_begin ] --START--
INFO: ReadHtmlCache Behavior ::run [ RunTime:0.000184s ]
INFO: [ app_begin ] --END-- [ RunTime:0.000207s ]
NOTIC: [8192] mysql_connect(): The mysql extension is deprecated and will be removed in the future: use mysqli or PDO instead /Users/yangyang/www/llx_api/Core/Extend/Driver/Session/SessionDb.class.php 第 96 行.
NOTIC: 建议使用I方法替代_param
NOTIC: [2] fopen(/Users/yangyang/ajk/try/kslsimage/2016-10-31.yy.log): failed to open stream: No such file or directory /Users/yangyang/www/llx_api/Baocms/Lib/Action/Apipublic/ApiloginAction.class.php 第 11 行.
NOTIC: [2] fwrite() expects parameter 1 to be resource, boolean given /Users/yangyang/www/llx_api/Baocms/Lib/Action/Apipublic/ApiloginAction.class.php 第 12 行.
NOTIC: [2] fclose() expects parameter 1 to be resource, boolean given /Users/yangyang/www/llx_api/Baocms/Lib/Action/Apipublic/ApiloginAction.class.php 第 13 行.
NOTIC: [8] Undefined variable: char /Users/yangyang/www/llx_api/Core/Extend/Library/ORG/Crypt/Base64.class.php 第 59 行.
NOTIC: [8] Undefined variable: str /Users/yangyang/www/llx_api/Core/Extend/Library/ORG/Crypt/Base64.class.php 第 66 行.

[ 2016-10-31T14:54:02+08:00 ] 0.0.0.0 /Apipublic/Apilogin/test_token
INFO: [ route_check ] --START--
INFO: CheckRoute Behavior ::run [ RunTime:0.000267s ]
INFO: [ route_check ] --END-- [ RunTime:0.000300s ]
NOTIC: [8192] preg_replace(): The /e modifier is deprecated, use preg_replace_callback instead /Users/yangyang/www/llx_api/Core/Lib/Core/Dispatcher.class.php 第 132 行.
NOTIC: [8192] preg_replace(): The /e modifier is deprecated, use preg_replace_callback instead /Users/yangyang/www/llx_api/Core/Common/common.php 第 217 行.
INFO: [ app_begin ] --START--
INFO: ReadHtmlCache Behavior ::run [ RunTime:0.000182s ]
INFO: [ app_begin ] --END-- [ RunTime:0.000206s ]
NOTIC: [8192] mysql_connect(): The mysql extension is deprecated and will be removed in the future: use mysqli or PDO instead /Users/yangyang/www/llx_api/Core/Extend/Driver/Session/SessionDb.class.php 第 96 行.
NOTIC: 建议使用I方法替代_param
NOTIC: [2] fopen(/Users/yangyang/ajk/try/2016-10-31.yy.log): failed to open stream: Permission denied /Users/yangyang/www/llx_api/Baocms/Lib/Action/Apipublic/ApiloginAction.class.php 第 11 行.
NOTIC: [2] fwrite() expects parameter 1 to be resource, boolean given /Users/yangyang/www/llx_api/Baocms/Lib/Action/Apipublic/ApiloginAction.class.php 第 12 行.
NOTIC: [2] fclose() expects parameter 1 to be resource, boolean given /Users/yangyang/www/llx_api/Baocms/Lib/Action/Apipublic/ApiloginAction.class.php 第 13 行.
NOTIC: [8] Undefined variable: char /Users/yangyang/www/llx_api/Core/Extend/Library/ORG/Crypt/Base64.class.php 第 59 行.
NOTIC: [8] Undefined variable: str /Users/yangyang/www/llx_api/Core/Extend/Library/ORG/Crypt/Base64.class.php 第 66 行.

[ 2016-10-31T14:54:04+08:00 ] 0.0.0.0 /Apipublic/Apilogin/test_token
INFO: [ route_check ] --START--
INFO: CheckRoute Behavior ::run [ RunTime:0.000340s ]
INFO: [ route_check ] --END-- [ RunTime:0.000383s ]
NOTIC: [8192] preg_replace(): The /e modifier is deprecated, use preg_replace_callback instead /Users/yangyang/www/llx_api/Core/Lib/Core/Dispatcher.class.php 第 132 行.
NOTIC: [8192] preg_replace(): The /e modifier is deprecated, use preg_replace_callback instead /Users/yangyang/www/llx_api/Core/Common/common.php 第 217 行.
INFO: [ app_begin ] --START--
INFO: ReadHtmlCache Behavior ::run [ RunTime:0.000188s ]
INFO: [ app_begin ] --END-- [ RunTime:0.000212s ]
NOTIC: [8192] mysql_connect(): The mysql extension is deprecated and will be removed in the future: use mysqli or PDO instead /Users/yangyang/www/llx_api/Core/Extend/Driver/Session/SessionDb.class.php 第 96 行.
NOTIC: 建议使用I方法替代_param
NOTIC: [2] fopen(/Users/yangyang/ajk/try/2016-10-31.yy.log): failed to open stream: Permission denied /Users/yangyang/www/llx_api/Baocms/Lib/Action/Apipublic/ApiloginAction.class.php 第 11 行.
NOTIC: [2] fwrite() expects parameter 1 to be resource, boolean given /Users/yangyang/www/llx_api/Baocms/Lib/Action/Apipublic/ApiloginAction.class.php 第 12 行.
NOTIC: [2] fclose() expects parameter 1 to be resource, boolean given /Users/yangyang/www/llx_api/Baocms/Lib/Action/Apipublic/ApiloginAction.class.php 第 13 行.
NOTIC: [8] Undefined variable: char /Users/yangyang/www/llx_api/Core/Extend/Library/ORG/Crypt/Base64.class.php 第 59 行.
NOTIC: [8] Undefined variable: str /Users/yangyang/www/llx_api/Core/Extend/Library/ORG/Crypt/Base64.class.php 第 66 行.

[ 2016-10-31T14:55:13+08:00 ] 0.0.0.0 /Apipublic/Apilogin/test_token
INFO: [ route_check ] --START--
INFO: CheckRoute Behavior ::run [ RunTime:0.000296s ]
INFO: [ route_check ] --END-- [ RunTime:0.000330s ]
NOTIC: [8192] preg_replace(): The /e modifier is deprecated, use preg_replace_callback instead /Users/yangyang/www/llx_api/Core/Lib/Core/Dispatcher.class.php 第 132 行.
NOTIC: [8192] preg_replace(): The /e modifier is deprecated, use preg_replace_callback instead /Users/yangyang/www/llx_api/Core/Common/common.php 第 217 行.
INFO: [ app_begin ] --START--
INFO: ReadHtmlCache Behavior ::run [ RunTime:0.000183s ]
INFO: [ app_begin ] --END-- [ RunTime:0.000206s ]
NOTIC: [8192] mysql_connect(): The mysql extension is deprecated and will be removed in the future: use mysqli or PDO instead /Users/yangyang/www/llx_api/Core/Extend/Driver/Session/SessionDb.class.php 第 96 行.
NOTIC: 建议使用I方法替代_param
NOTIC: [2] fopen(/Users/yangyang/ajk/try/yy.txt): failed to open stream: Permission denied /Users/yangyang/www/llx_api/Baocms/Lib/Action/Apipublic/ApiloginAction.class.php 第 11 行.
NOTIC: [2] fwrite() expects parameter 1 to be resource, boolean given /Users/yangyang/www/llx_api/Baocms/Lib/Action/Apipublic/ApiloginAction.class.php 第 12 行.
NOTIC: [2] fclose() expects parameter 1 to be resource, boolean given /Users/yangyang/www/llx_api/Baocms/Lib/Action/Apipublic/ApiloginAction.class.php 第 13 行.
NOTIC: [8] Undefined variable: char /Users/yangyang/www/llx_api/Core/Extend/Library/ORG/Crypt/Base64.class.php 第 59 行.
NOTIC: [8] Undefined variable: str /Users/yangyang/www/llx_api/Core/Extend/Library/ORG/Crypt/Base64.class.php 第 66 行.

[ 2016-10-31T14:55:56+08:00 ] 0.0.0.0 /Apipublic/Apilogin/test_token
INFO: [ route_check ] --START--
INFO: CheckRoute Behavior ::run [ RunTime:0.000283s ]
INFO: [ route_check ] --END-- [ RunTime:0.000320s ]
NOTIC: [8192] preg_replace(): The /e modifier is deprecated, use preg_replace_callback instead /Users/yangyang/www/llx_api/Core/Lib/Core/Dispatcher.class.php 第 132 行.
NOTIC: [8192] preg_replace(): The /e modifier is deprecated, use preg_replace_callback instead /Users/yangyang/www/llx_api/Core/Common/common.php 第 217 行.
INFO: [ app_begin ] --START--
INFO: ReadHtmlCache Behavior ::run [ RunTime:0.000188s ]
INFO: [ app_begin ] --END-- [ RunTime:0.000211s ]
NOTIC: [8192] mysql_connect(): The mysql extension is deprecated and will be removed in the future: use mysqli or PDO instead /Users/yangyang/www/llx_api/Core/Extend/Driver/Session/SessionDb.class.php 第 96 行.
NOTIC: 建议使用I方法替代_param
NOTIC: [2] fopen(/Users/yangyang/ajk/try/yy.txt): failed to open stream: Permission denied /Users/yangyang/www/llx_api/Baocms/Lib/Action/Apipublic/ApiloginAction.class.php 第 11 行.
NOTIC: [2] fwrite() expects parameter 1 to be resource, boolean given /Users/yangyang/www/llx_api/Baocms/Lib/Action/Apipublic/ApiloginAction.class.php 第 12 行.
NOTIC: [2] fclose() expects parameter 1 to be resource, boolean given /Users/yangyang/www/llx_api/Baocms/Lib/Action/Apipublic/ApiloginAction.class.php 第 13 行.
NOTIC: [8] Undefined variable: char /Users/yangyang/www/llx_api/Core/Extend/Library/ORG/Crypt/Base64.class.php 第 59 行.
NOTIC: [8] Undefined variable: str /Users/yangyang/www/llx_api/Core/Extend/Library/ORG/Crypt/Base64.class.php 第 66 行.

[ 2016-10-31T14:59:28+08:00 ] 0.0.0.0 /Apipublic/Apilogin/login
INFO: [ route_check ] --START--
INFO: CheckRoute Behavior ::run [ RunTime:0.000270s ]
INFO: [ route_check ] --END-- [ RunTime:0.000303s ]
NOTIC: [8192] preg_replace(): The /e modifier is deprecated, use preg_replace_callback instead /Users/yangyang/www/llx_api/Core/Lib/Core/Dispatcher.class.php 第 132 行.
NOTIC: [8192] preg_replace(): The /e modifier is deprecated, use preg_replace_callback instead /Users/yangyang/www/llx_api/Core/Common/common.php 第 217 行.
INFO: [ app_begin ] --START--
INFO: ReadHtmlCache Behavior ::run [ RunTime:0.000181s ]
INFO: [ app_begin ] --END-- [ RunTime:0.000204s ]
NOTIC: [8192] mysql_connect(): The mysql extension is deprecated and will be removed in the future: use mysqli or PDO instead /Users/yangyang/www/llx_api/Core/Extend/Driver/Session/SessionDb.class.php 第 96 行.

[ 2016-10-31T16:24:51+08:00 ] 0.0.0.0 /Apiuser/UserinfoAction/mainpage
INFO: [ route_check ] --START--
INFO: CheckRoute Behavior ::run [ RunTime:0.000542s ]
INFO: [ route_check ] --END-- [ RunTime:0.000592s ]
NOTIC: [8192] preg_replace(): The /e modifier is deprecated, use preg_replace_callback instead /Users/yangyang/www/llx_api/Core/Lib/Core/Dispatcher.class.php 第 132 行.
NOTIC: [8192] preg_replace(): The /e modifier is deprecated, use preg_replace_callback instead /Users/yangyang/www/llx_api/Core/Common/common.php 第 217 行.
INFO: [ app_begin ] --START--
INFO: ReadHtmlCache Behavior ::run [ RunTime:0.000572s ]
INFO: [ app_begin ] --END-- [ RunTime:0.000601s ]
NOTIC: [8192] mysql_connect(): The mysql extension is deprecated and will be removed in the future: use mysqli or PDO instead /Users/yangyang/www/llx_api/Core/Extend/Driver/Session/SessionDb.class.php 第 96 行.
ERR: 无法加载模块:Apiuser

[ 2016-10-31T16:25:20+08:00 ] 0.0.0.0 /Apiuser/UserinfoAction/mainpage
INFO: [ route_check ] --START--
INFO: CheckRoute Behavior ::run [ RunTime:0.000300s ]
INFO: [ route_check ] --END-- [ RunTime:0.000345s ]
NOTIC: [8192] preg_replace(): The /e modifier is deprecated, use preg_replace_callback instead /Users/yangyang/www/llx_api/Core/Lib/Core/Dispatcher.class.php 第 132 行.
NOTIC: [8192] preg_replace(): The /e modifier is deprecated, use preg_replace_callback instead /Users/yangyang/www/llx_api/Core/Common/common.php 第 217 行.
INFO: [ app_begin ] --START--
INFO: ReadHtmlCache Behavior ::run [ RunTime:0.000189s ]
INFO: [ app_begin ] --END-- [ RunTime:0.000213s ]
NOTIC: [8192] mysql_connect(): The mysql extension is deprecated and will be removed in the future: use mysqli or PDO instead /Users/yangyang/www/llx_api/Core/Extend/Driver/Session/SessionDb.class.php 第 96 行.
ERR: 无法加载模块:Apiuser

[ 2016-10-31T16:25:59+08:00 ] 0.0.0.0 /Apiuser/UserinfoAction/mainpage
INFO: [ route_check ] --START--
INFO: CheckRoute Behavior ::run [ RunTime:0.000281s ]
INFO: [ route_check ] --END-- [ RunTime:0.000316s ]
NOTIC: [8192] preg_replace(): The /e modifier is deprecated, use preg_replace_callback instead /Users/yangyang/www/llx_api/Core/Lib/Core/Dispatcher.class.php 第 132 行.
NOTIC: [8192] preg_replace(): The /e modifier is deprecated, use preg_replace_callback instead /Users/yangyang/www/llx_api/Core/Common/common.php 第 217 行.
INFO: [ app_begin ] --START--
INFO: ReadHtmlCache Behavior ::run [ RunTime:0.000198s ]
INFO: [ app_begin ] --END-- [ RunTime:0.000235s ]
NOTIC: [8192] mysql_connect(): The mysql extension is deprecated and will be removed in the future: use mysqli or PDO instead /Users/yangyang/www/llx_api/Core/Extend/Driver/Session/SessionDb.class.php 第 96 行.
ERR: 无法加载模块:UserinfoAction

[ 2016-10-31T16:26:36+08:00 ] 0.0.0.0 /Apiuser/UserinfoAction/mainpage
INFO: [ route_check ] --START--
INFO: CheckRoute Behavior ::run [ RunTime:0.000319s ]
INFO: [ route_check ] --END-- [ RunTime:0.000367s ]
NOTIC: [8192] preg_replace(): The /e modifier is deprecated, use preg_replace_callback instead /Users/yangyang/www/llx_api/Core/Lib/Core/Dispatcher.class.php 第 132 行.
NOTIC: [8192] preg_replace(): The /e modifier is deprecated, use preg_replace_callback instead /Users/yangyang/www/llx_api/Core/Common/common.php 第 217 行.
INFO: [ app_begin ] --START--
INFO: ReadHtmlCache Behavior ::run [ RunTime:0.000217s ]
INFO: [ app_begin ] --END-- [ RunTime:0.000248s ]
NOTIC: [8192] mysql_connect(): The mysql extension is deprecated and will be removed in the future: use mysqli or PDO instead /Users/yangyang/www/llx_api/Core/Extend/Driver/Session/SessionDb.class.php 第 96 行.
ERR: 无法加载模块:UserinfoAction

[ 2016-10-31T16:28:32+08:00 ] 0.0.0.0 /Apiuser/UserinfoAction/mainpage
INFO: [ route_check ] --START--
INFO: CheckRoute Behavior ::run [ RunTime:0.000281s ]
INFO: [ route_check ] --END-- [ RunTime:0.000316s ]
NOTIC: [8192] preg_replace(): The /e modifier is deprecated, use preg_replace_callback instead /Users/yangyang/www/llx_api/Core/Lib/Core/Dispatcher.class.php 第 132 行.
NOTIC: [8192] preg_replace(): The /e modifier is deprecated, use preg_replace_callback instead /Users/yangyang/www/llx_api/Core/Common/common.php 第 217 行.
INFO: [ app_begin ] --START--
INFO: ReadHtmlCache Behavior ::run [ RunTime:0.000185s ]
INFO: [ app_begin ] --END-- [ RunTime:0.000209s ]
NOTIC: [8192] mysql_connect(): The mysql extension is deprecated and will be removed in the future: use mysqli or PDO instead /Users/yangyang/www/llx_api/Core/Extend/Driver/Session/SessionDb.class.php 第 96 行.
ERR: 无法加载模块:UserinfoAction

[ 2016-10-31T16:28:55+08:00 ] 0.0.0.0 /Apiuser/Userinfo/mainpage
INFO: [ route_check ] --START--
INFO: CheckRoute Behavior ::run [ RunTime:0.000309s ]
INFO: [ route_check ] --END-- [ RunTime:0.000347s ]
NOTIC: [8192] preg_replace(): The /e modifier is deprecated, use preg_replace_callback instead /Users/yangyang/www/llx_api/Core/Lib/Core/Dispatcher.class.php 第 132 行.
NOTIC: [8192] preg_replace(): The /e modifier is deprecated, use preg_replace_callback instead /Users/yangyang/www/llx_api/Core/Common/common.php 第 217 行.
INFO: [ app_begin ] --START--
INFO: ReadHtmlCache Behavior ::run [ RunTime:0.000207s ]
INFO: [ app_begin ] --END-- [ RunTime:0.000232s ]
NOTIC: [8192] mysql_connect(): The mysql extension is deprecated and will be removed in the future: use mysqli or PDO instead /Users/yangyang/www/llx_api/Core/Extend/Driver/Session/SessionDb.class.php 第 96 行.
NOTIC: [8] Undefined variable: char /Users/yangyang/www/llx_api/Core/Extend/Library/ORG/Crypt/Base64.class.php 第 59 行.
NOTIC: [8] Undefined variable: str /Users/yangyang/www/llx_api/Core/Extend/Library/ORG/Crypt/Base64.class.php 第 66 行.
NOTIC: [8192] mysql_connect(): The mysql extension is deprecated and will be removed in the future: use mysqli or PDO instead /Users/yangyang/www/llx_api/Core/Lib/Driver/Db/DbMysql.class.php 第 55 行.
SQL: SHOW COLUMNS FROM `bao_users` [ RunTime:0.016398s ]
NOTIC: [8192] preg_replace(): The /e modifier is deprecated, use preg_replace_callback instead /Users/yangyang/www/llx_api/Core/Lib/Core/Db.class.php 第 605 行.
SQL: SELECT * FROM `bao_users` WHERE ( `user_id` = 63 ) LIMIT 1   [ RunTime:0.016534s ]

